<?xml version="1.0" encoding="UTF-8"?>
<testsuite name="pl.edu.pjatk.zaj2.TestMyRestService" tests="1" skipped="0" failures="1" errors="0" timestamp="2024-10-28T09:48:44" hostname="GDA303-08" time="0.953">
  <properties/>
  <testcase name="addChangesLettersToLowerCase()" classname="pl.edu.pjatk.zaj2.TestMyRestService" time="0.953">
    <failure message="java.lang.NullPointerException: Cannot invoke &quot;String.toCharArray()&quot; because &quot;this.name&quot; is null" type="java.lang.NullPointerException">java.lang.NullPointerException: Cannot invoke &quot;String.toCharArray()&quot; because &quot;this.name&quot; is null
	at pl.edu.pjatk.zaj2.service.Zwierze.setIdentyfikator(Zwierze.java:58)
	at pl.edu.pjatk.zaj2.service.MyRestService.findAlllower(MyRestService.java:76)
	at pl.edu.pjatk.zaj2.TestMyRestService.addChangesLettersToLowerCase(TestMyRestService.java:41)
	at java.base/java.lang.reflect.Method.invoke(Method.java:580)
	at java.base/java.util.ArrayList.forEach(ArrayList.java:1596)
	at java.base/java.util.ArrayList.forEach(ArrayList.java:1596)
</failure>
  </testcase>
  <system-out><![CDATA[]]></system-out>
  <system-err><![CDATA[WARNING: A Java agent has been loaded dynamically (C:\Users\s30277\.gradle\caches\modules-2\files-2.1\net.bytebuddy\byte-buddy-agent\1.14.19\154da3a65b4f4a909d3e5bdec55d1b2b4cbb6ce1\byte-buddy-agent-1.14.19.jar)
WARNING: If a serviceability tool is in use, please run with -XX:+EnableDynamicAgentLoading to hide this warning
WARNING: If a serviceability tool is not in use, please run with -Djdk.instrument.traceUsage for more information
WARNING: Dynamic loading of agents will be disallowed by default in a future release
]]></system-err>
</testsuite>
